
=== Sun Mar  8 20:29:37 2020

Packages were changed.
Update Mode: updateDependencies

The following packages were updated:
  com.unity.xr.legacyinputhelpers from version 1.3.8 to 1.3.11

=== Sun Mar  8 23:50:56 2020

Packages were changed.
Update Mode: updateDependencies

The following packages were updated:
  com.unity.xr.legacyinputhelpers from version 1.3.8 to 1.3.11

=== Tue Mar 10 02:08:21 2020

Packages were changed.
Update Mode: updateDependencies

The following packages were updated:
  com.unity.xr.legacyinputhelpers from version 1.3.8 to 1.3.11

=== Sun Apr  5 21:06:31 2020

Packages were changed.
Update Mode: updateDependencies

The following packages were updated:
  com.unity.xr.legacyinputhelpers from version 1.3.8 to 1.3.11
